# JRE version: Java(TM) SE Runtime Environment (8.0_291-b10) (build 1.8.0_291-b10)
# Java VM: Java HotSpot(TM) 64-Bit Server VM (25.291-b10 mixed mode windows-amd64 compressed oops)
Heap:
 PSYoungGen      total 350720K, used 47948K [0x00000000d5580000, 0x00000000f4600000, 0x0000000100000000)
  eden space 318464K, 15% used [0x00000000d5580000,0x00000000d8453240,0x00000000e8c80000)
  from space 32256K, 0% used [0x00000000e8c80000,0x00000000e8c80000,0x00000000eac00000)
  to   space 31744K, 0% used [0x00000000f2700000,0x00000000f2700000,0x00000000f4600000)
 ParOldGen       total 72192K, used 56572K [0x0000000080000000, 0x0000000084680000, 0x00000000d5580000)
  object space 72192K, 78% used [0x0000000080000000,0x000000008373f3d0,0x0000000084680000)
 Metaspace       used 57446K, capacity 61138K, committed 61272K, reserved 1101824K
  class space    used 7649K, capacity 8253K, committed 8320K, reserved 1048576K
GC Heap History (10 events):
Event: 4.712 GC heap before
{Heap before GC invocations=10 (full 2):
 PSYoungGen      total 244736K, used 10015K [0x00000000d5580000, 0x00000000e5500000, 0x0000000100000000)
  eden space 234496K, 0% used [0x00000000d5580000,0x00000000d5580000,0x00000000e3a80000)
  from space 10240K, 97% used [0x00000000e4b00000,0x00000000e54c7da0,0x00000000e5500000)
  to   space 13312K, 0% used [0x00000000e3b00000,0x00000000e3b00000,0x00000000e4800000)
 ParOldGen       total 49152K, used 8382K [0x0000000080000000, 0x0000000083000000, 0x00000000d5580000)
  object space 49152K, 17% used [0x0000000080000000,0x000000008082fb58,0x0000000083000000)
 Metaspace       used 33094K, capacity 35302K, committed 35416K, reserved 1079296K
  class space    used 4231K, capacity 4641K, committed 4736K, reserved 1048576K
Event: 4.757 GC heap after
Heap after GC invocations=10 (full 2):
 PSYoungGen      total 244736K, used 0K [0x00000000d5580000, 0x00000000e5500000, 0x0000000100000000)
  eden space 234496K, 0% used [0x00000000d5580000,0x00000000d5580000,0x00000000e3a80000)
  from space 10240K, 0% used [0x00000000e4b00000,0x00000000e4b00000,0x00000000e5500000)
  to   space 13312K, 0% used [0x00000000e3b00000,0x00000000e3b00000,0x00000000e4800000)
 ParOldGen       total 69632K, used 14888K [0x0000000080000000, 0x0000000084400000, 0x00000000d5580000)
  object space 69632K, 21% used [0x0000000080000000,0x0000000080e8a1b8,0x0000000084400000)
 Metaspace       used 33094K, capacity 35302K, committed 35416K, reserved 1079296K
  class space    used 4231K, capacity 4641K, committed 4736K, reserved 1048576K
}
Event: 7.058 GC heap before
{Heap before GC invocations=11 (full 2):
 PSYoungGen      total 244736K, used 234496K [0x00000000d5580000, 0x00000000e5500000, 0x0000000100000000)
  eden space 234496K, 100% used [0x00000000d5580000,0x00000000e3a80000,0x00000000e3a80000)
  from space 10240K, 0% used [0x00000000e4b00000,0x00000000e4b00000,0x00000000e5500000)
  to   space 13312K, 0% used [0x00000000e3b00000,0x00000000e3b00000,0x00000000e4800000)
 ParOldGen       total 69632K, used 14888K [0x0000000080000000, 0x0000000084400000, 0x00000000d5580000)
  object space 69632K, 21% used [0x0000000080000000,0x0000000080e8a1b8,0x0000000084400000)
 Metaspace       used 47556K, capacity 49982K, committed 50264K, reserved 1093632K
  class space    used 6340K, capacity 6773K, committed 6784K, reserved 1048576K
Event: 7.086 GC heap after
Heap after GC invocations=11 (full 2):
 PSYoungGen      total 248320K, used 13281K [0x00000000d5580000, 0x00000000ec000000, 0x0000000100000000)
  eden space 235008K, 0% used [0x00000000d5580000,0x00000000d5580000,0x00000000e3b00000)
  from space 13312K, 99% used [0x00000000e3b00000,0x00000000e47f8758,0x00000000e4800000)
  to   space 20480K, 0% used [0x00000000eac00000,0x00000000eac00000,0x00000000ec000000)
 ParOldGen       total 69632K, used 27312K [0x0000000080000000, 0x0000000084400000, 0x00000000d5580000)
  object space 69632K, 39% used [0x0000000080000000,0x0000000081aac298,0x0000000084400000)
 Metaspace       used 47556K, capacity 49982K, committed 50264K, reserved 1093632K
  class space    used 6340K, capacity 6773K, committed 6784K, reserved 1048576K
}
Event: 9.053 GC heap before
{Heap before GC invocations=12 (full 2):
 PSYoungGen      total 248320K, used 248289K [0x00000000d5580000, 0x00000000ec000000, 0x0000000100000000)
  eden space 235008K, 100% used [0x00000000d5580000,0x00000000e3b00000,0x00000000e3b00000)
  from space 13312K, 99% used [0x00000000e3b00000,0x00000000e47f8758,0x00000000e4800000)
  to   space 20480K, 0% used [0x00000000eac00000,0x00000000eac00000,0x00000000ec000000)
 ParOldGen       total 69632K, used 27312K [0x0000000080000000, 0x0000000084400000, 0x00000000d5580000)
  object space 69632K, 39% used [0x0000000080000000,0x0000000081aac298,0x0000000084400000)
 Metaspace       used 53848K, capacity 57030K, committed 57048K, reserved 1099776K
  class space    used 7157K, capacity 7675K, committed 7680K, reserved 1048576K
Event: 9.093 GC heap after
Heap after GC invocations=12 (full 2):
 PSYoungGen      total 338944K, used 20478K [0x00000000d5580000, 0x00000000ed500000, 0x0000000100000000)
  eden space 318464K, 0% used [0x00000000d5580000,0x00000000d5580000,0x00000000e8c80000)
  from space 20480K, 99% used [0x00000000eac00000,0x00000000ebfff9d8,0x00000000ec000000)
  to   space 32256K, 0% used [0x00000000e8c80000,0x00000000e8c80000,0x00000000eac00000)
 ParOldGen       total 69632K, used 50902K [0x0000000080000000, 0x0000000084400000, 0x00000000d5580000)
  object space 69632K, 73% used [0x0000000080000000,0x00000000831b58a8,0x0000000084400000)
 Metaspace       used 53848K, capacity 57030K, committed 57048K, reserved 1099776K
  class space    used 7157K, capacity 7675K, committed 7680K, reserved 1048576K
}
Event: 9.882 GC heap before
{Heap before GC invocations=13 (full 2):
 PSYoungGen      total 338944K, used 131464K [0x00000000d5580000, 0x00000000ed500000, 0x0000000100000000)
  eden space 318464K, 34% used [0x00000000d5580000,0x00000000dc1e2680,0x00000000e8c80000)
  from space 20480K, 99% used [0x00000000eac00000,0x00000000ebfff9d8,0x00000000ec000000)
  to   space 32256K, 0% used [0x00000000e8c80000,0x00000000e8c80000,0x00000000eac00000)
 ParOldGen       total 69632K, used 50902K [0x0000000080000000, 0x0000000084400000, 0x00000000d5580000)
  object space 69632K, 73% used [0x0000000080000000,0x00000000831b58a8,0x0000000084400000)
 Metaspace       used 55656K, capacity 58940K, committed 59028K, reserved 1099776K
  class space    used 7364K, capacity 7902K, committed 7936K, reserved 1048576K
Event: 9.907 GC heap after
Heap after GC invocations=13 (full 2):
 PSYoungGen      total 350720K, used 4137K [0x00000000d5580000, 0x00000000f4600000, 0x0000000100000000)
  eden space 318464K, 0% used [0x00000000d5580000,0x00000000d5580000,0x00000000e8c80000)
  from space 32256K, 12% used [0x00000000e8c80000,0x00000000e908a5f8,0x00000000eac00000)
  to   space 31744K, 0% used [0x00000000f2700000,0x00000000f2700000,0x00000000f4600000)
 ParOldGen       total 72192K, used 71309K [0x0000000080000000, 0x0000000084680000, 0x00000000d5580000)
  object space 72192K, 98% used [0x0000000080000000,0x00000000845a3770,0x0000000084680000)
 Metaspace       used 55656K, capacity 58940K, committed 59028K, reserved 1099776K
  class space    used 7364K, capacity 7902K, committed 7936K, reserved 1048576K
}
Event: 9.907 GC heap before
{Heap before GC invocations=14 (full 3):
 PSYoungGen      total 350720K, used 4137K [0x00000000d5580000, 0x00000000f4600000, 0x0000000100000000)
  eden space 318464K, 0% used [0x00000000d5580000,0x00000000d5580000,0x00000000e8c80000)
  from space 32256K, 12% used [0x00000000e8c80000,0x00000000e908a5f8,0x00000000eac00000)
  to   space 31744K, 0% used [0x00000000f2700000,0x00000000f2700000,0x00000000f4600000)
 ParOldGen       total 72192K, used 71309K [0x0000000080000000, 0x0000000084680000, 0x00000000d5580000)
  object space 72192K, 98% used [0x0000000080000000,0x00000000845a3770,0x0000000084680000)
 Metaspace       used 55656K, capacity 58940K, committed 59028K, reserved 1099776K
  class space    used 7364K, capacity 7902K, committed 7936K, reserved 1048576K
Event: 10.087 GC heap after
Heap after GC invocations=14 (full 3):
 PSYoungGen      total 350720K, used 0K [0x00000000d5580000, 0x00000000f4600000, 0x0000000100000000)
  eden space 318464K, 0% used [0x00000000d5580000,0x00000000d5580000,0x00000000e8c80000)
  from space 32256K, 0% used [0x00000000e8c80000,0x00000000e8c80000,0x00000000eac00000)
  to   space 31744K, 0% used [0x00000000f2700000,0x00000000f2700000,0x00000000f4600000)
 ParOldGen       total 72192K, used 56572K [0x0000000080000000, 0x0000000084680000, 0x00000000d5580000)
  object space 72192K, 78% used [0x0000000080000000,0x000000008373f3d0,0x0000000084680000)
 Metaspace       used 55656K, capacity 58940K, committed 59028K, reserved 1099776K
  class space    used 7364K, capacity 7902K, committed 7936K, reserved 1048576K
}

