# JRE version: Java(TM) SE Runtime Environment (8.0_291-b10) (build 1.8.0_291-b10)
# Java VM: Java HotSpot(TM) 64-Bit Server VM (25.291-b10 mixed mode windows-amd64 compressed oops)
Heap:
 PSYoungGen      total 353792K, used 47832K [0x00000000d5580000, 0x00000000f4b80000, 0x0000000100000000)
  eden space 321536K, 14% used [0x00000000d5580000,0x00000000d8436358,0x00000000e8f80000)
  from space 32256K, 0% used [0x00000000e8f80000,0x00000000e8f80000,0x00000000eaf00000)
  to   space 31744K, 0% used [0x00000000f2c80000,0x00000000f2c80000,0x00000000f4b80000)
 ParOldGen       total 73216K, used 56341K [0x0000000080000000, 0x0000000084780000, 0x00000000d5580000)
  object space 73216K, 76% used [0x0000000080000000,0x00000000837054e0,0x0000000084780000)
 Metaspace       used 57540K, capacity 61258K, committed 61528K, reserved 1101824K
  class space    used 7646K, capacity 8253K, committed 8320K, reserved 1048576K
GC Heap History (10 events):
Event: 4.756 GC heap before
{Heap before GC invocations=10 (full 2):
 PSYoungGen      total 246272K, used 10168K [0x00000000d5580000, 0x00000000e5700000, 0x0000000100000000)
  eden space 236032K, 0% used [0x00000000d5580000,0x00000000d5580000,0x00000000e3c00000)
  from space 10240K, 99% used [0x00000000e4d00000,0x00000000e56ee300,0x00000000e5700000)
  to   space 13312K, 0% used [0x00000000e3d00000,0x00000000e3d00000,0x00000000e4a00000)
 ParOldGen       total 48128K, used 8189K [0x0000000080000000, 0x0000000082f00000, 0x00000000d5580000)
  object space 48128K, 17% used [0x0000000080000000,0x00000000807ff6b8,0x0000000082f00000)
 Metaspace       used 33090K, capacity 35302K, committed 35416K, reserved 1079296K
  class space    used 4229K, capacity 4641K, committed 4736K, reserved 1048576K
Event: 4.802 GC heap after
Heap after GC invocations=10 (full 2):
 PSYoungGen      total 246272K, used 0K [0x00000000d5580000, 0x00000000e5700000, 0x0000000100000000)
  eden space 236032K, 0% used [0x00000000d5580000,0x00000000d5580000,0x00000000e3c00000)
  from space 10240K, 0% used [0x00000000e4d00000,0x00000000e4d00000,0x00000000e5700000)
  to   space 13312K, 0% used [0x00000000e3d00000,0x00000000e3d00000,0x00000000e4a00000)
 ParOldGen       total 68608K, used 14976K [0x0000000080000000, 0x0000000084300000, 0x00000000d5580000)
  object space 68608K, 21% used [0x0000000080000000,0x0000000080ea01a8,0x0000000084300000)
 Metaspace       used 33090K, capacity 35302K, committed 35416K, reserved 1079296K
  class space    used 4229K, capacity 4641K, committed 4736K, reserved 1048576K
}
Event: 7.165 GC heap before
{Heap before GC invocations=11 (full 2):
 PSYoungGen      total 246272K, used 236032K [0x00000000d5580000, 0x00000000e5700000, 0x0000000100000000)
  eden space 236032K, 100% used [0x00000000d5580000,0x00000000e3c00000,0x00000000e3c00000)
  from space 10240K, 0% used [0x00000000e4d00000,0x00000000e4d00000,0x00000000e5700000)
  to   space 13312K, 0% used [0x00000000e3d00000,0x00000000e3d00000,0x00000000e4a00000)
 ParOldGen       total 68608K, used 14976K [0x0000000080000000, 0x0000000084300000, 0x00000000d5580000)
  object space 68608K, 21% used [0x0000000080000000,0x0000000080ea01a8,0x0000000084300000)
 Metaspace       used 47642K, capacity 50046K, committed 50264K, reserved 1093632K
  class space    used 6338K, capacity 6773K, committed 6784K, reserved 1048576K
Event: 7.192 GC heap after
Heap after GC invocations=11 (full 2):
 PSYoungGen      total 250368K, used 13308K [0x00000000d5580000, 0x00000000ec300000, 0x0000000100000000)
  eden space 237056K, 0% used [0x00000000d5580000,0x00000000d5580000,0x00000000e3d00000)
  from space 13312K, 99% used [0x00000000e3d00000,0x00000000e49ff138,0x00000000e4a00000)
  to   space 20480K, 0% used [0x00000000eaf00000,0x00000000eaf00000,0x00000000ec300000)
 ParOldGen       total 68608K, used 27892K [0x0000000080000000, 0x0000000084300000, 0x00000000d5580000)
  object space 68608K, 40% used [0x0000000080000000,0x0000000081b3d0e0,0x0000000084300000)
 Metaspace       used 47642K, capacity 50046K, committed 50264K, reserved 1093632K
  class space    used 6338K, capacity 6773K, committed 6784K, reserved 1048576K
}
Event: 9.195 GC heap before
{Heap before GC invocations=12 (full 2):
 PSYoungGen      total 250368K, used 250364K [0x00000000d5580000, 0x00000000ec300000, 0x0000000100000000)
  eden space 237056K, 100% used [0x00000000d5580000,0x00000000e3d00000,0x00000000e3d00000)
  from space 13312K, 99% used [0x00000000e3d00000,0x00000000e49ff138,0x00000000e4a00000)
  to   space 20480K, 0% used [0x00000000eaf00000,0x00000000eaf00000,0x00000000ec300000)
 ParOldGen       total 68608K, used 27892K [0x0000000080000000, 0x0000000084300000, 0x00000000d5580000)
  object space 68608K, 40% used [0x0000000080000000,0x0000000081b3d0e0,0x0000000084300000)
 Metaspace       used 53951K, capacity 57086K, committed 57304K, reserved 1099776K
  class space    used 7149K, capacity 7675K, committed 7680K, reserved 1048576K
Event: 9.241 GC heap after
Heap after GC invocations=12 (full 2):
 PSYoungGen      total 342016K, used 20475K [0x00000000d5580000, 0x00000000ed900000, 0x0000000100000000)
  eden space 321536K, 0% used [0x00000000d5580000,0x00000000d5580000,0x00000000e8f80000)
  from space 20480K, 99% used [0x00000000eaf00000,0x00000000ec2fecc8,0x00000000ec300000)
  to   space 32256K, 0% used [0x00000000e8f80000,0x00000000e8f80000,0x00000000eaf00000)
 ParOldGen       total 68608K, used 51074K [0x0000000080000000, 0x0000000084300000, 0x00000000d5580000)
  object space 68608K, 74% used [0x0000000080000000,0x00000000831e0a90,0x0000000084300000)
 Metaspace       used 53951K, capacity 57086K, committed 57304K, reserved 1099776K
  class space    used 7149K, capacity 7675K, committed 7680K, reserved 1048576K
}
Event: 9.993 GC heap before
{Heap before GC invocations=13 (full 2):
 PSYoungGen      total 342016K, used 126505K [0x00000000d5580000, 0x00000000ed900000, 0x0000000100000000)
  eden space 321536K, 32% used [0x00000000d5580000,0x00000000dbd0b908,0x00000000e8f80000)
  from space 20480K, 99% used [0x00000000eaf00000,0x00000000ec2fecc8,0x00000000ec300000)
  to   space 32256K, 0% used [0x00000000e8f80000,0x00000000e8f80000,0x00000000eaf00000)
 ParOldGen       total 68608K, used 51074K [0x0000000080000000, 0x0000000084300000, 0x00000000d5580000)
  object space 68608K, 74% used [0x0000000080000000,0x00000000831e0a90,0x0000000084300000)
 Metaspace       used 55657K, capacity 58992K, committed 59028K, reserved 1099776K
  class space    used 7341K, capacity 7902K, committed 7936K, reserved 1048576K
Event: 10.017 GC heap after
Heap after GC invocations=13 (full 2):
 PSYoungGen      total 353792K, used 3816K [0x00000000d5580000, 0x00000000f4b80000, 0x0000000100000000)
  eden space 321536K, 0% used [0x00000000d5580000,0x00000000d5580000,0x00000000e8f80000)
  from space 32256K, 11% used [0x00000000e8f80000,0x00000000e933a208,0x00000000eaf00000)
  to   space 31744K, 0% used [0x00000000f2c80000,0x00000000f2c80000,0x00000000f4b80000)
 ParOldGen       total 73216K, used 71483K [0x0000000080000000, 0x0000000084780000, 0x00000000d5580000)
  object space 73216K, 97% used [0x0000000080000000,0x00000000845cec58,0x0000000084780000)
 Metaspace       used 55657K, capacity 58992K, committed 59028K, reserved 1099776K
  class space    used 7341K, capacity 7902K, committed 7936K, reserved 1048576K
}
Event: 10.017 GC heap before
{Heap before GC invocations=14 (full 3):
 PSYoungGen      total 353792K, used 3816K [0x00000000d5580000, 0x00000000f4b80000, 0x0000000100000000)
  eden space 321536K, 0% used [0x00000000d5580000,0x00000000d5580000,0x00000000e8f80000)
  from space 32256K, 11% used [0x00000000e8f80000,0x00000000e933a208,0x00000000eaf00000)
  to   space 31744K, 0% used [0x00000000f2c80000,0x00000000f2c80000,0x00000000f4b80000)
 ParOldGen       total 73216K, used 71483K [0x0000000080000000, 0x0000000084780000, 0x00000000d5580000)
  object space 73216K, 97% used [0x0000000080000000,0x00000000845cec58,0x0000000084780000)
 Metaspace       used 55657K, capacity 58992K, committed 59028K, reserved 1099776K
  class space    used 7341K, capacity 7902K, committed 7936K, reserved 1048576K
Event: 10.243 GC heap after
Heap after GC invocations=14 (full 3):
 PSYoungGen      total 353792K, used 0K [0x00000000d5580000, 0x00000000f4b80000, 0x0000000100000000)
  eden space 321536K, 0% used [0x00000000d5580000,0x00000000d5580000,0x00000000e8f80000)
  from space 32256K, 0% used [0x00000000e8f80000,0x00000000e8f80000,0x00000000eaf00000)
  to   space 31744K, 0% used [0x00000000f2c80000,0x00000000f2c80000,0x00000000f4b80000)
 ParOldGen       total 73216K, used 56341K [0x0000000080000000, 0x0000000084780000, 0x00000000d5580000)
  object space 73216K, 76% used [0x0000000080000000,0x00000000837054e0,0x0000000084780000)
 Metaspace       used 55657K, capacity 58992K, committed 59028K, reserved 1099776K
  class space    used 7341K, capacity 7902K, committed 7936K, reserved 1048576K
}

