# JRE version: Java(TM) SE Runtime Environment (8.0_291-b10) (build 1.8.0_291-b10)
# Java VM: Java HotSpot(TM) 64-Bit Server VM (25.291-b10 mixed mode windows-amd64 compressed oops)
Heap:
 PSYoungGen      total 141312K, used 26680K [0x00000000d5580000, 0x00000000ded80000, 0x0000000100000000)
  eden space 131584K, 20% used [0x00000000d5580000,0x00000000d6f8e258,0x00000000dd600000)
  from space 9728K, 0% used [0x00000000de100000,0x00000000de100000,0x00000000dea80000)
  to   space 11264K, 0% used [0x00000000dd600000,0x00000000dd600000,0x00000000de100000)
 ParOldGen       total 91136K, used 18069K [0x0000000080000000, 0x0000000085900000, 0x00000000d5580000)
  object space 91136K, 19% used [0x0000000080000000,0x00000000811a54b0,0x0000000085900000)
 Metaspace       used 35445K, capacity 37890K, committed 38144K, reserved 1083392K
  class space    used 4922K, capacity 5349K, committed 5376K, reserved 1048576K
GC Heap History (10 events):
Event: 2.577 GC heap before
{Heap before GC invocations=6 (full 0):
 PSYoungGen      total 71680K, used 52202K [0x00000000d5580000, 0x00000000dea80000, 0x0000000100000000)
  eden space 66560K, 70% used [0x00000000d5580000,0x00000000d837c688,0x00000000d9680000)
  from space 5120K, 99% used [0x00000000d9680000,0x00000000d9b7e430,0x00000000d9b80000)
  to   space 9728K, 0% used [0x00000000de100000,0x00000000de100000,0x00000000dea80000)
 ParOldGen       total 87552K, used 6130K [0x0000000080000000, 0x0000000085580000, 0x00000000d5580000)
  object space 87552K, 7% used [0x0000000080000000,0x00000000805fc9b8,0x0000000085580000)
 Metaspace       used 19862K, capacity 21142K, committed 21248K, reserved 1067008K
  class space    used 2651K, capacity 2975K, committed 3072K, reserved 1048576K
Event: 2.587 GC heap after
Heap after GC invocations=6 (full 0):
 PSYoungGen      total 141312K, used 9221K [0x00000000d5580000, 0x00000000ded80000, 0x0000000100000000)
  eden space 131584K, 0% used [0x00000000d5580000,0x00000000d5580000,0x00000000dd600000)
  from space 9728K, 94% used [0x00000000de100000,0x00000000dea01718,0x00000000dea80000)
  to   space 11264K, 0% used [0x00000000dd600000,0x00000000dd600000,0x00000000de100000)
 ParOldGen       total 87552K, used 6138K [0x0000000080000000, 0x0000000085580000, 0x00000000d5580000)
  object space 87552K, 7% used [0x0000000080000000,0x00000000805fe9b8,0x0000000085580000)
 Metaspace       used 19862K, capacity 21142K, committed 21248K, reserved 1067008K
  class space    used 2651K, capacity 2975K, committed 3072K, reserved 1048576K
}
Event: 2.587 GC heap before
{Heap before GC invocations=7 (full 1):
 PSYoungGen      total 141312K, used 9221K [0x00000000d5580000, 0x00000000ded80000, 0x0000000100000000)
  eden space 131584K, 0% used [0x00000000d5580000,0x00000000d5580000,0x00000000dd600000)
  from space 9728K, 94% used [0x00000000de100000,0x00000000dea01718,0x00000000dea80000)
  to   space 11264K, 0% used [0x00000000dd600000,0x00000000dd600000,0x00000000de100000)
 ParOldGen       total 87552K, used 6138K [0x0000000080000000, 0x0000000085580000, 0x00000000d5580000)
  object space 87552K, 7% used [0x0000000080000000,0x00000000805fe9b8,0x0000000085580000)
 Metaspace       used 19862K, capacity 21142K, committed 21248K, reserved 1067008K
  class space    used 2651K, capacity 2975K, committed 3072K, reserved 1048576K
Event: 2.617 GC heap after
Heap after GC invocations=7 (full 1):
 PSYoungGen      total 141312K, used 0K [0x00000000d5580000, 0x00000000ded80000, 0x0000000100000000)
  eden space 131584K, 0% used [0x00000000d5580000,0x00000000d5580000,0x00000000dd600000)
  from space 9728K, 0% used [0x00000000de100000,0x00000000de100000,0x00000000dea80000)
  to   space 11264K, 0% used [0x00000000dd600000,0x00000000dd600000,0x00000000de100000)
 ParOldGen       total 58880K, used 10445K [0x0000000080000000, 0x0000000083980000, 0x00000000d5580000)
  object space 58880K, 17% used [0x0000000080000000,0x0000000080a33460,0x0000000083980000)
 Metaspace       used 19862K, capacity 21142K, committed 21248K, reserved 1067008K
  class space    used 2651K, capacity 2975K, committed 3072K, reserved 1048576K
}
Event: 4.041 GC heap before
{Heap before GC invocations=8 (full 1):
 PSYoungGen      total 141312K, used 131584K [0x00000000d5580000, 0x00000000ded80000, 0x0000000100000000)
  eden space 131584K, 100% used [0x00000000d5580000,0x00000000dd600000,0x00000000dd600000)
  from space 9728K, 0% used [0x00000000de100000,0x00000000de100000,0x00000000dea80000)
  to   space 11264K, 0% used [0x00000000dd600000,0x00000000dd600000,0x00000000de100000)
 ParOldGen       total 58880K, used 10445K [0x0000000080000000, 0x0000000083980000, 0x00000000d5580000)
  object space 58880K, 17% used [0x0000000080000000,0x0000000080a33460,0x0000000083980000)
 Metaspace       used 26072K, capacity 28150K, committed 28288K, reserved 1073152K
  class space    used 3559K, capacity 3937K, committed 3968K, reserved 1048576K
Event: 4.055 GC heap after
Heap after GC invocations=8 (full 1):
 PSYoungGen      total 142848K, used 9520K [0x00000000d5580000, 0x00000000ded80000, 0x0000000100000000)
  eden space 131584K, 0% used [0x00000000d5580000,0x00000000d5580000,0x00000000dd600000)
  from space 11264K, 84% used [0x00000000dd600000,0x00000000ddf4c050,0x00000000de100000)
  to   space 9728K, 0% used [0x00000000de100000,0x00000000de100000,0x00000000dea80000)
 ParOldGen       total 58880K, used 10453K [0x0000000080000000, 0x0000000083980000, 0x00000000d5580000)
  object space 58880K, 17% used [0x0000000080000000,0x0000000080a35460,0x0000000083980000)
 Metaspace       used 26072K, capacity 28150K, committed 28288K, reserved 1073152K
  class space    used 3559K, capacity 3937K, committed 3968K, reserved 1048576K
}
Event: 5.496 GC heap before
{Heap before GC invocations=9 (full 1):
 PSYoungGen      total 142848K, used 97610K [0x00000000d5580000, 0x00000000ded80000, 0x0000000100000000)
  eden space 131584K, 66% used [0x00000000d5580000,0x00000000dab86b90,0x00000000dd600000)
  from space 11264K, 84% used [0x00000000dd600000,0x00000000ddf4c050,0x00000000de100000)
  to   space 9728K, 0% used [0x00000000de100000,0x00000000de100000,0x00000000dea80000)
 ParOldGen       total 58880K, used 10453K [0x0000000080000000, 0x0000000083980000, 0x00000000d5580000)
  object space 58880K, 17% used [0x0000000080000000,0x0000000080a35460,0x0000000083980000)
 Metaspace       used 32935K, capacity 35268K, committed 35416K, reserved 1079296K
  class space    used 4601K, capacity 5034K, committed 5120K, reserved 1048576K
Event: 5.508 GC heap after
Heap after GC invocations=9 (full 1):
 PSYoungGen      total 141312K, used 9715K [0x00000000d5580000, 0x00000000ded80000, 0x0000000100000000)
  eden space 131584K, 0% used [0x00000000d5580000,0x00000000d5580000,0x00000000dd600000)
  from space 9728K, 99% used [0x00000000de100000,0x00000000dea7ce48,0x00000000dea80000)
  to   space 11264K, 0% used [0x00000000dd600000,0x00000000dd600000,0x00000000de100000)
 ParOldGen       total 58880K, used 12636K [0x0000000080000000, 0x0000000083980000, 0x00000000d5580000)
  object space 58880K, 21% used [0x0000000080000000,0x0000000080c57040,0x0000000083980000)
 Metaspace       used 32935K, capacity 35268K, committed 35416K, reserved 1079296K
  class space    used 4601K, capacity 5034K, committed 5120K, reserved 1048576K
}
Event: 5.508 GC heap before
{Heap before GC invocations=10 (full 2):
 PSYoungGen      total 141312K, used 9715K [0x00000000d5580000, 0x00000000ded80000, 0x0000000100000000)
  eden space 131584K, 0% used [0x00000000d5580000,0x00000000d5580000,0x00000000dd600000)
  from space 9728K, 99% used [0x00000000de100000,0x00000000dea7ce48,0x00000000dea80000)
  to   space 11264K, 0% used [0x00000000dd600000,0x00000000dd600000,0x00000000de100000)
 ParOldGen       total 58880K, used 12636K [0x0000000080000000, 0x0000000083980000, 0x00000000d5580000)
  object space 58880K, 21% used [0x0000000080000000,0x0000000080c57040,0x0000000083980000)
 Metaspace       used 32935K, capacity 35268K, committed 35416K, reserved 1079296K
  class space    used 4601K, capacity 5034K, committed 5120K, reserved 1048576K
Event: 5.580 GC heap after
Heap after GC invocations=10 (full 2):
 PSYoungGen      total 141312K, used 0K [0x00000000d5580000, 0x00000000ded80000, 0x0000000100000000)
  eden space 131584K, 0% used [0x00000000d5580000,0x00000000d5580000,0x00000000dd600000)
  from space 9728K, 0% used [0x00000000de100000,0x00000000de100000,0x00000000dea80000)
  to   space 11264K, 0% used [0x00000000dd600000,0x00000000dd600000,0x00000000de100000)
 ParOldGen       total 91136K, used 18069K [0x0000000080000000, 0x0000000085900000, 0x00000000d5580000)
  object space 91136K, 19% used [0x0000000080000000,0x00000000811a54b0,0x0000000085900000)
 Metaspace       used 32935K, capacity 35268K, committed 35416K, reserved 1079296K
  class space    used 4601K, capacity 5034K, committed 5120K, reserved 1048576K
}

