# JRE version: Java(TM) SE Runtime Environment (8.0_221-b11) (build 1.8.0_221-b11)
# Java VM: Java HotSpot(TM) 64-Bit Server VM (25.221-b11 mixed mode windows-amd64 compressed oops)
Heap:
 PSYoungGen      total 503296K, used 9238K [0x0000000780000000, 0x00000007a2280000, 0x00000007c0000000)
  eden space 457728K, 2% used [0x0000000780000000,0x00000007809059a0,0x000000079bf00000)
  from space 45568K, 0% used [0x000000079ef00000,0x000000079ef00000,0x00000007a1b80000)
  to   space 49152K, 0% used [0x000000079bf00000,0x000000079bf00000,0x000000079ef00000)
 ParOldGen       total 110592K, used 42593K [0x0000000700000000, 0x0000000706c00000, 0x0000000780000000)
  object space 110592K, 38% used [0x0000000700000000,0x0000000702998430,0x0000000706c00000)
 Metaspace       used 33265K, capacity 34254K, committed 35416K, reserved 1081344K
  class space    used 3683K, capacity 3990K, committed 4184K, reserved 1048576K
GC Heap History (10 events):
Event: 10.513 GC heap before
{Heap before GC invocations=10 (full 1):
 PSYoungGen      total 301056K, used 296477K [0x0000000780000000, 0x0000000794780000, 0x00000007c0000000)
  eden space 275456K, 100% used [0x0000000780000000,0x0000000790d00000,0x0000000790d00000)
  from space 25600K, 82% used [0x0000000792800000,0x0000000793c87578,0x0000000794100000)
  to   space 27648K, 0% used [0x0000000790d00000,0x0000000790d00000,0x0000000792800000)
 ParOldGen       total 110592K, used 35535K [0x0000000700000000, 0x0000000706c00000, 0x0000000780000000)
  object space 110592K, 32% used [0x0000000700000000,0x00000007022b3e50,0x0000000706c00000)
 Metaspace       used 28366K, capacity 29124K, committed 29312K, reserved 1075200K
  class space    used 3164K, capacity 3383K, committed 3456K, reserved 1048576K
Event: 10.536 GC heap after
Heap after GC invocations=10 (full 1):
 PSYoungGen      total 303104K, used 22610K [0x0000000780000000, 0x0000000799a80000, 0x00000007c0000000)
  eden space 275456K, 0% used [0x0000000780000000,0x0000000780000000,0x0000000790d00000)
  from space 27648K, 81% used [0x0000000790d00000,0x0000000792314a78,0x0000000792800000)
  to   space 29184K, 0% used [0x0000000797e00000,0x0000000797e00000,0x0000000799a80000)
 ParOldGen       total 110592K, used 35543K [0x0000000700000000, 0x0000000706c00000, 0x0000000780000000)
  object space 110592K, 32% used [0x0000000700000000,0x00000007022b5e50,0x0000000706c00000)
 Metaspace       used 28366K, capacity 29124K, committed 29312K, reserved 1075200K
  class space    used 3164K, capacity 3383K, committed 3456K, reserved 1048576K
}
Event: 11.708 GC heap before
{Heap before GC invocations=11 (full 1):
 PSYoungGen      total 303104K, used 298066K [0x0000000780000000, 0x0000000799a80000, 0x00000007c0000000)
  eden space 275456K, 100% used [0x0000000780000000,0x0000000790d00000,0x0000000790d00000)
  from space 27648K, 81% used [0x0000000790d00000,0x0000000792314a78,0x0000000792800000)
  to   space 29184K, 0% used [0x0000000797e00000,0x0000000797e00000,0x0000000799a80000)
 ParOldGen       total 110592K, used 35543K [0x0000000700000000, 0x0000000706c00000, 0x0000000780000000)
  object space 110592K, 32% used [0x0000000700000000,0x00000007022b5e50,0x0000000706c00000)
 Metaspace       used 28452K, capacity 29254K, committed 29568K, reserved 1075200K
  class space    used 3166K, capacity 3385K, committed 3456K, reserved 1048576K
Event: 11.736 GC heap after
Heap after GC invocations=11 (full 1):
 PSYoungGen      total 386048K, used 29179K [0x0000000780000000, 0x000000079a380000, 0x00000007c0000000)
  eden space 356864K, 0% used [0x0000000780000000,0x0000000780000000,0x0000000795c80000)
  from space 29184K, 99% used [0x0000000797e00000,0x0000000799a7ec38,0x0000000799a80000)
  to   space 34304K, 0% used [0x0000000795c80000,0x0000000795c80000,0x0000000797e00000)
 ParOldGen       total 110592K, used 39419K [0x0000000700000000, 0x0000000706c00000, 0x0000000780000000)
  object space 110592K, 35% used [0x0000000700000000,0x000000070267ece0,0x0000000706c00000)
 Metaspace       used 28452K, capacity 29254K, committed 29568K, reserved 1075200K
  class space    used 3166K, capacity 3385K, committed 3456K, reserved 1048576K
}
Event: 15.164 GC heap before
{Heap before GC invocations=12 (full 1):
 PSYoungGen      total 386048K, used 386043K [0x0000000780000000, 0x000000079a380000, 0x00000007c0000000)
  eden space 356864K, 100% used [0x0000000780000000,0x0000000795c80000,0x0000000795c80000)
  from space 29184K, 99% used [0x0000000797e00000,0x0000000799a7ec38,0x0000000799a80000)
  to   space 34304K, 0% used [0x0000000795c80000,0x0000000795c80000,0x0000000797e00000)
 ParOldGen       total 110592K, used 39419K [0x0000000700000000, 0x0000000706c00000, 0x0000000780000000)
  object space 110592K, 35% used [0x0000000700000000,0x000000070267ece0,0x0000000706c00000)
 Metaspace       used 30426K, capacity 31238K, committed 31488K, reserved 1077248K
  class space    used 3318K, capacity 3513K, committed 3584K, reserved 1048576K
Event: 15.215 GC heap after
Heap after GC invocations=12 (full 1):
 PSYoungGen      total 391168K, used 34288K [0x0000000780000000, 0x00000007a1b80000, 0x00000007c0000000)
  eden space 356864K, 0% used [0x0000000780000000,0x0000000780000000,0x0000000795c80000)
  from space 34304K, 99% used [0x0000000795c80000,0x0000000797dfc290,0x0000000797e00000)
  to   space 45568K, 0% used [0x000000079ef00000,0x000000079ef00000,0x00000007a1b80000)
 ParOldGen       total 110592K, used 57519K [0x0000000700000000, 0x0000000706c00000, 0x0000000780000000)
  object space 110592K, 52% used [0x0000000700000000,0x000000070382be10,0x0000000706c00000)
 Metaspace       used 30426K, capacity 31238K, committed 31488K, reserved 1077248K
  class space    used 3318K, capacity 3513K, committed 3584K, reserved 1048576K
}
Event: 16.677 GC heap before
{Heap before GC invocations=13 (full 1):
 PSYoungGen      total 391168K, used 102090K [0x0000000780000000, 0x00000007a1b80000, 0x00000007c0000000)
  eden space 356864K, 18% used [0x0000000780000000,0x0000000784236758,0x0000000795c80000)
  from space 34304K, 99% used [0x0000000795c80000,0x0000000797dfc290,0x0000000797e00000)
  to   space 45568K, 0% used [0x000000079ef00000,0x000000079ef00000,0x00000007a1b80000)
 ParOldGen       total 110592K, used 57519K [0x0000000700000000, 0x0000000706c00000, 0x0000000780000000)
  object space 110592K, 52% used [0x0000000700000000,0x000000070382be10,0x0000000706c00000)
 Metaspace       used 34315K, capacity 35294K, committed 35416K, reserved 1081344K
  class space    used 3795K, capacity 4099K, committed 4184K, reserved 1048576K
Event: 16.709 GC heap after
Heap after GC invocations=13 (full 1):
 PSYoungGen      total 503296K, used 35845K [0x0000000780000000, 0x00000007a2280000, 0x00000007c0000000)
  eden space 457728K, 0% used [0x0000000780000000,0x0000000780000000,0x000000079bf00000)
  from space 45568K, 78% used [0x000000079ef00000,0x00000007a1201798,0x00000007a1b80000)
  to   space 49152K, 0% used [0x000000079bf00000,0x000000079bf00000,0x000000079ef00000)
 ParOldGen       total 110592K, used 60751K [0x0000000700000000, 0x0000000706c00000, 0x0000000780000000)
  object space 110592K, 54% used [0x0000000700000000,0x0000000703b53e30,0x0000000706c00000)
 Metaspace       used 34315K, capacity 35294K, committed 35416K, reserved 1081344K
  class space    used 3795K, capacity 4099K, committed 4184K, reserved 1048576K
}
Event: 16.709 GC heap before
{Heap before GC invocations=14 (full 2):
 PSYoungGen      total 503296K, used 35845K [0x0000000780000000, 0x00000007a2280000, 0x00000007c0000000)
  eden space 457728K, 0% used [0x0000000780000000,0x0000000780000000,0x000000079bf00000)
  from space 45568K, 78% used [0x000000079ef00000,0x00000007a1201798,0x00000007a1b80000)
  to   space 49152K, 0% used [0x000000079bf00000,0x000000079bf00000,0x000000079ef00000)
 ParOldGen       total 110592K, used 60751K [0x0000000700000000, 0x0000000706c00000, 0x0000000780000000)
  object space 110592K, 54% used [0x0000000700000000,0x0000000703b53e30,0x0000000706c00000)
 Metaspace       used 34315K, capacity 35294K, committed 35416K, reserved 1081344K
  class space    used 3795K, capacity 4099K, committed 4184K, reserved 1048576K
Event: 16.800 GC heap after
Heap after GC invocations=14 (full 2):
 PSYoungGen      total 503296K, used 0K [0x0000000780000000, 0x00000007a2280000, 0x00000007c0000000)
  eden space 457728K, 0% used [0x0000000780000000,0x0000000780000000,0x000000079bf00000)
  from space 45568K, 0% used [0x000000079ef00000,0x000000079ef00000,0x00000007a1b80000)
  to   space 49152K, 0% used [0x000000079bf00000,0x000000079bf00000,0x000000079ef00000)
 ParOldGen       total 110592K, used 42593K [0x0000000700000000, 0x0000000706c00000, 0x0000000780000000)
  object space 110592K, 38% used [0x0000000700000000,0x0000000702998430,0x0000000706c00000)
 Metaspace       used 32569K, capacity 33440K, committed 35416K, reserved 1081344K
  class space    used 3605K, capacity 3889K, committed 4184K, reserved 1048576K
}

